# JRE version: OpenJDK Runtime Environment (8.0_202-b03) (build 1.8.0_202-release-1483-b03)
# Java VM: OpenJDK 64-Bit Server VM (25.202-b03 mixed mode windows-amd64 compressed oops)
Heap:
 PSYoungGen      total 166400K, used 76242K [0x00000000e0000000, 0x00000000ebe80000, 0x0000000100000000)
  eden space 151040K, 40% used [0x00000000e0000000,0x00000000e3b77f10,0x00000000e9380000)
  from space 15360K, 99% used [0x00000000ea700000,0x00000000eb5fccd0,0x00000000eb600000)
  to   space 19968K, 0% used [0x00000000e9380000,0x00000000e9380000,0x00000000ea700000)
 ParOldGen       total 56832K, used 28868K [0x00000000a0000000, 0x00000000a3780000, 0x00000000e0000000)
  object space 56832K, 50% used [0x00000000a0000000,0x00000000a1c31160,0x00000000a3780000)
 Metaspace       used 66020K, capacity 68008K, committed 68248K, reserved 1107968K
  class space    used 8826K, capacity 9305K, committed 9384K, reserved 1048576K
GC Heap History (10 events):
Event: 18.847 GC heap before
{Heap before GC invocations=13 (full 2):
 PSYoungGen      total 137728K, used 125952K [0x00000000e0000000, 0x00000000eba00000, 0x0000000100000000)
  eden space 125952K, 100% used [0x00000000e0000000,0x00000000e7b00000,0x00000000e7b00000)
  from space 11776K, 0% used [0x00000000e8700000,0x00000000e8700000,0x00000000e9280000)
  to   space 12288K, 0% used [0x00000000e7b00000,0x00000000e7b00000,0x00000000e8700000)
 ParOldGen       total 56832K, used 15307K [0x00000000a0000000, 0x00000000a3780000, 0x00000000e0000000)
  object space 56832K, 26% used [0x00000000a0000000,0x00000000a0ef2c08,0x00000000a3780000)
 Metaspace       used 47281K, capacity 48420K, committed 48680K, reserved 1091584K
  class space    used 6361K, capacity 6669K, committed 6696K, reserved 1048576K
Event: 18.864 GC heap after
Heap after GC invocations=13 (full 2):
 PSYoungGen      total 138240K, used 12262K [0x00000000e0000000, 0x00000000eb600000, 0x0000000100000000)
  eden space 125952K, 0% used [0x00000000e0000000,0x00000000e0000000,0x00000000e7b00000)
  from space 12288K, 99% used [0x00000000e7b00000,0x00000000e86f9b10,0x00000000e8700000)
  to   space 15360K, 0% used [0x00000000ea700000,0x00000000ea700000,0x00000000eb600000)
 ParOldGen       total 56832K, used 19523K [0x00000000a0000000, 0x00000000a3780000, 0x00000000e0000000)
  object space 56832K, 34% used [0x00000000a0000000,0x00000000a1310d08,0x00000000a3780000)
 Metaspace       used 47281K, capacity 48420K, committed 48680K, reserved 1091584K
  class space    used 6361K, capacity 6669K, committed 6696K, reserved 1048576K
}
Event: 23.207 GC heap before
{Heap before GC invocations=14 (full 2):
 PSYoungGen      total 138240K, used 138214K [0x00000000e0000000, 0x00000000eb600000, 0x0000000100000000)
  eden space 125952K, 100% used [0x00000000e0000000,0x00000000e7b00000,0x00000000e7b00000)
  from space 12288K, 99% used [0x00000000e7b00000,0x00000000e86f9b10,0x00000000e8700000)
  to   space 15360K, 0% used [0x00000000ea700000,0x00000000ea700000,0x00000000eb600000)
 ParOldGen       total 56832K, used 19523K [0x00000000a0000000, 0x00000000a3780000, 0x00000000e0000000)
  object space 56832K, 34% used [0x00000000a0000000,0x00000000a1310d08,0x00000000a3780000)
 Metaspace       used 57178K, capacity 58774K, committed 58920K, reserved 1099776K
  class space    used 7764K, capacity 8154K, committed 8232K, reserved 1048576K
Event: 23.245 GC heap after
Heap after GC invocations=14 (full 2):
 PSYoungGen      total 166400K, used 15337K [0x00000000e0000000, 0x00000000ebe80000, 0x0000000100000000)
  eden space 151040K, 0% used [0x00000000e0000000,0x00000000e0000000,0x00000000e9380000)
  from space 15360K, 99% used [0x00000000ea700000,0x00000000eb5fa690,0x00000000eb600000)
  to   space 19968K, 0% used [0x00000000e9380000,0x00000000e9380000,0x00000000ea700000)
 ParOldGen       total 56832K, used 25697K [0x00000000a0000000, 0x00000000a3780000, 0x00000000e0000000)
  object space 56832K, 45% used [0x00000000a0000000,0x00000000a19187e8,0x00000000a3780000)
 Metaspace       used 57178K, capacity 58774K, committed 58920K, reserved 1099776K
  class space    used 7764K, capacity 8154K, committed 8232K, reserved 1048576K
}
Event: 23.433 GC heap before
{Heap before GC invocations=15 (full 2):
 PSYoungGen      total 166400K, used 21318K [0x00000000e0000000, 0x00000000ebe80000, 0x0000000100000000)
  eden space 151040K, 3% used [0x00000000e0000000,0x00000000e05d7290,0x00000000e9380000)
  from space 15360K, 99% used [0x00000000ea700000,0x00000000eb5fa690,0x00000000eb600000)
  to   space 19968K, 0% used [0x00000000e9380000,0x00000000e9380000,0x00000000ea700000)
 ParOldGen       total 56832K, used 25697K [0x00000000a0000000, 0x00000000a3780000, 0x00000000e0000000)
  object space 56832K, 45% used [0x00000000a0000000,0x00000000a19187e8,0x00000000a3780000)
 Metaspace       used 57507K, capacity 59132K, committed 59160K, reserved 1099776K
  class space    used 7810K, capacity 8223K, committed 8232K, reserved 1048576K
Event: 23.506 GC heap after
Heap after GC invocations=15 (full 2):
 PSYoungGen      total 171008K, used 736K [0x00000000e0000000, 0x00000000ebe80000, 0x0000000100000000)
  eden space 151040K, 0% used [0x00000000e0000000,0x00000000e0000000,0x00000000e9380000)
  from space 19968K, 3% used [0x00000000e9380000,0x00000000e9438000,0x00000000ea700000)
  to   space 15360K, 0% used [0x00000000ea700000,0x00000000ea700000,0x00000000eb600000)
 ParOldGen       total 56832K, used 39067K [0x00000000a0000000, 0x00000000a3780000, 0x00000000e0000000)
  object space 56832K, 68% used [0x00000000a0000000,0x00000000a2626cb8,0x00000000a3780000)
 Metaspace       used 57507K, capacity 59132K, committed 59160K, reserved 1099776K
  class space    used 7810K, capacity 8223K, committed 8232K, reserved 1048576K
}
Event: 23.506 GC heap before
{Heap before GC invocations=16 (full 3):
 PSYoungGen      total 171008K, used 736K [0x00000000e0000000, 0x00000000ebe80000, 0x0000000100000000)
  eden space 151040K, 0% used [0x00000000e0000000,0x00000000e0000000,0x00000000e9380000)
  from space 19968K, 3% used [0x00000000e9380000,0x00000000e9438000,0x00000000ea700000)
  to   space 15360K, 0% used [0x00000000ea700000,0x00000000ea700000,0x00000000eb600000)
 ParOldGen       total 56832K, used 39067K [0x00000000a0000000, 0x00000000a3780000, 0x00000000e0000000)
  object space 56832K, 68% used [0x00000000a0000000,0x00000000a2626cb8,0x00000000a3780000)
 Metaspace       used 57507K, capacity 59132K, committed 59160K, reserved 1099776K
  class space    used 7810K, capacity 8223K, committed 8232K, reserved 1048576K
Event: 23.855 GC heap after
Heap after GC invocations=16 (full 3):
 PSYoungGen      total 171008K, used 0K [0x00000000e0000000, 0x00000000ebe80000, 0x0000000100000000)
  eden space 151040K, 0% used [0x00000000e0000000,0x00000000e0000000,0x00000000e9380000)
  from space 19968K, 0% used [0x00000000e9380000,0x00000000e9380000,0x00000000ea700000)
  to   space 15360K, 0% used [0x00000000ea700000,0x00000000ea700000,0x00000000eb600000)
 ParOldGen       total 56832K, used 28237K [0x00000000a0000000, 0x00000000a3780000, 0x00000000e0000000)
  object space 56832K, 49% used [0x00000000a0000000,0x00000000a1b93698,0x00000000a3780000)
 Metaspace       used 57507K, capacity 59132K, committed 59160K, reserved 1099776K
  class space    used 7810K, capacity 8223K, committed 8232K, reserved 1048576K
}
Event: 40.778 GC heap before
{Heap before GC invocations=17 (full 3):
 PSYoungGen      total 171008K, used 151040K [0x00000000e0000000, 0x00000000ebe80000, 0x0000000100000000)
  eden space 151040K, 100% used [0x00000000e0000000,0x00000000e9380000,0x00000000e9380000)
  from space 19968K, 0% used [0x00000000e9380000,0x00000000e9380000,0x00000000ea700000)
  to   space 15360K, 0% used [0x00000000ea700000,0x00000000ea700000,0x00000000eb600000)
 ParOldGen       total 56832K, used 28237K [0x00000000a0000000, 0x00000000a3780000, 0x00000000e0000000)
  object space 56832K, 49% used [0x00000000a0000000,0x00000000a1b93698,0x00000000a3780000)
 Metaspace       used 64656K, capacity 66742K, committed 66840K, reserved 1107968K
  class space    used 8699K, capacity 9184K, committed 9256K, reserved 1048576K
Event: 40.796 GC heap after
Heap after GC invocations=17 (full 3):
 PSYoungGen      total 166400K, used 15347K [0x00000000e0000000, 0x00000000ebe80000, 0x0000000100000000)
  eden space 151040K, 0% used [0x00000000e0000000,0x00000000e0000000,0x00000000e9380000)
  from space 15360K, 99% used [0x00000000ea700000,0x00000000eb5fccd0,0x00000000eb600000)
  to   space 19968K, 0% used [0x00000000e9380000,0x00000000e9380000,0x00000000ea700000)
 ParOldGen       total 56832K, used 28868K [0x00000000a0000000, 0x00000000a3780000, 0x00000000e0000000)
  object space 56832K, 50% used [0x00000000a0000000,0x00000000a1c31160,0x00000000a3780000)
 Metaspace       used 64656K, capacity 66742K, committed 66840K, reserved 1107968K
  class space    used 8699K, capacity 9184K, committed 9256K, reserved 1048576K
}

