# JRE version: OpenJDK Runtime Environment (8.0_202-b03) (build 1.8.0_202-release-1483-b03)
# Java VM: OpenJDK 64-Bit Server VM (25.202-b03 mixed mode windows-amd64 compressed oops)
Heap:
 PSYoungGen      total 147456K, used 95092K [0x00000000e0000000, 0x00000000ea780000, 0x0000000100000000)
  eden space 133120K, 63% used [0x00000000e0000000,0x00000000e521c970,0x00000000e8200000)
  from space 14336K, 76% used [0x00000000e8200000,0x00000000e8cc0930,0x00000000e9000000)
  to   space 15360K, 0% used [0x00000000e9880000,0x00000000e9880000,0x00000000ea780000)
 ParOldGen       total 87040K, used 31584K [0x00000000a0000000, 0x00000000a5500000, 0x00000000e0000000)
  object space 87040K, 36% used [0x00000000a0000000,0x00000000a1ed8188,0x00000000a5500000)
 Metaspace       used 67306K, capacity 69635K, committed 69720K, reserved 1110016K
  class space    used 8784K, capacity 9327K, committed 9344K, reserved 1048576K
GC Heap History (10 events):
Event: 22.061 GC heap before
{Heap before GC invocations=18 (full 2):
 PSYoungGen      total 96768K, used 96738K [0x00000000e0000000, 0x00000000e8780000, 0x0000000100000000)
  eden space 89088K, 100% used [0x00000000e0000000,0x00000000e5700000,0x00000000e5700000)
  from space 7680K, 99% used [0x00000000e5700000,0x00000000e5e78b60,0x00000000e5e80000)
  to   space 11264K, 0% used [0x00000000e7c80000,0x00000000e7c80000,0x00000000e8780000)
 ParOldGen       total 52736K, used 20516K [0x00000000a0000000, 0x00000000a3380000, 0x00000000e0000000)
  object space 52736K, 38% used [0x00000000a0000000,0x00000000a1409278,0x00000000a3380000)
 Metaspace       used 51092K, capacity 52328K, committed 52568K, reserved 1095680K
  class space    used 6917K, capacity 7223K, committed 7296K, reserved 1048576K
Event: 22.079 GC heap after
Heap after GC invocations=18 (full 2):
 PSYoungGen      total 126464K, used 10516K [0x00000000e0000000, 0x00000000e8900000, 0x0000000100000000)
  eden space 115200K, 0% used [0x00000000e0000000,0x00000000e0000000,0x00000000e7080000)
  from space 11264K, 93% used [0x00000000e7c80000,0x00000000e86c5190,0x00000000e8780000)
  to   space 12288K, 0% used [0x00000000e7080000,0x00000000e7080000,0x00000000e7c80000)
 ParOldGen       total 52736K, used 25808K [0x00000000a0000000, 0x00000000a3380000, 0x00000000e0000000)
  object space 52736K, 48% used [0x00000000a0000000,0x00000000a19342c0,0x00000000a3380000)
 Metaspace       used 51092K, capacity 52328K, committed 52568K, reserved 1095680K
  class space    used 6917K, capacity 7223K, committed 7296K, reserved 1048576K
}
Event: 25.308 GC heap before
{Heap before GC invocations=19 (full 2):
 PSYoungGen      total 126464K, used 98883K [0x00000000e0000000, 0x00000000e8900000, 0x0000000100000000)
  eden space 115200K, 76% used [0x00000000e0000000,0x00000000e564bb80,0x00000000e7080000)
  from space 11264K, 93% used [0x00000000e7c80000,0x00000000e86c5190,0x00000000e8780000)
  to   space 12288K, 0% used [0x00000000e7080000,0x00000000e7080000,0x00000000e7c80000)
 ParOldGen       total 52736K, used 25808K [0x00000000a0000000, 0x00000000a3380000, 0x00000000e0000000)
  object space 52736K, 48% used [0x00000000a0000000,0x00000000a19342c0,0x00000000a3380000)
 Metaspace       used 57125K, capacity 58847K, committed 59028K, reserved 1099776K
  class space    used 7771K, capacity 8192K, committed 8192K, reserved 1048576K
Event: 25.328 GC heap after
Heap after GC invocations=19 (full 2):
 PSYoungGen      total 127488K, used 8047K [0x00000000e0000000, 0x00000000e9e80000, 0x0000000100000000)
  eden space 115200K, 0% used [0x00000000e0000000,0x00000000e0000000,0x00000000e7080000)
  from space 12288K, 65% used [0x00000000e7080000,0x00000000e785bdd8,0x00000000e7c80000)
  to   space 12800K, 0% used [0x00000000e9200000,0x00000000e9200000,0x00000000e9e80000)
 ParOldGen       total 52736K, used 30418K [0x00000000a0000000, 0x00000000a3380000, 0x00000000e0000000)
  object space 52736K, 57% used [0x00000000a0000000,0x00000000a1db4b20,0x00000000a3380000)
 Metaspace       used 57125K, capacity 58847K, committed 59028K, reserved 1099776K
  class space    used 7771K, capacity 8192K, committed 8192K, reserved 1048576K
}
Event: 25.328 GC heap before
{Heap before GC invocations=20 (full 3):
 PSYoungGen      total 127488K, used 8047K [0x00000000e0000000, 0x00000000e9e80000, 0x0000000100000000)
  eden space 115200K, 0% used [0x00000000e0000000,0x00000000e0000000,0x00000000e7080000)
  from space 12288K, 65% used [0x00000000e7080000,0x00000000e785bdd8,0x00000000e7c80000)
  to   space 12800K, 0% used [0x00000000e9200000,0x00000000e9200000,0x00000000e9e80000)
 ParOldGen       total 52736K, used 30418K [0x00000000a0000000, 0x00000000a3380000, 0x00000000e0000000)
  object space 52736K, 57% used [0x00000000a0000000,0x00000000a1db4b20,0x00000000a3380000)
 Metaspace       used 57125K, capacity 58847K, committed 59028K, reserved 1099776K
  class space    used 7771K, capacity 8192K, committed 8192K, reserved 1048576K
Event: 25.622 GC heap after
Heap after GC invocations=20 (full 3):
 PSYoungGen      total 127488K, used 0K [0x00000000e0000000, 0x00000000e9e80000, 0x0000000100000000)
  eden space 115200K, 0% used [0x00000000e0000000,0x00000000e0000000,0x00000000e7080000)
  from space 12288K, 0% used [0x00000000e7080000,0x00000000e7080000,0x00000000e7c80000)
  to   space 12800K, 0% used [0x00000000e9200000,0x00000000e9200000,0x00000000e9e80000)
 ParOldGen       total 87040K, used 31568K [0x00000000a0000000, 0x00000000a5500000, 0x00000000e0000000)
  object space 87040K, 36% used [0x00000000a0000000,0x00000000a1ed4188,0x00000000a5500000)
 Metaspace       used 57061K, capacity 58653K, committed 59028K, reserved 1099776K
  class space    used 7751K, capacity 8157K, committed 8192K, reserved 1048576K
}
Event: 209.692 GC heap before
{Heap before GC invocations=21 (full 3):
 PSYoungGen      total 127488K, used 115200K [0x00000000e0000000, 0x00000000e9e80000, 0x0000000100000000)
  eden space 115200K, 100% used [0x00000000e0000000,0x00000000e7080000,0x00000000e7080000)
  from space 12288K, 0% used [0x00000000e7080000,0x00000000e7080000,0x00000000e7c80000)
  to   space 12800K, 0% used [0x00000000e9200000,0x00000000e9200000,0x00000000e9e80000)
 ParOldGen       total 87040K, used 31568K [0x00000000a0000000, 0x00000000a5500000, 0x00000000e0000000)
  object space 87040K, 36% used [0x00000000a0000000,0x00000000a1ed4188,0x00000000a5500000)
 Metaspace       used 63452K, capacity 65463K, committed 65752K, reserved 1105920K
  class space    used 8358K, capacity 8845K, committed 8960K, reserved 1048576K
Event: 209.720 GC heap after
Heap after GC invocations=21 (full 3):
 PSYoungGen      total 140800K, used 11782K [0x00000000e0000000, 0x00000000e9e00000, 0x0000000100000000)
  eden space 128512K, 0% used [0x00000000e0000000,0x00000000e0000000,0x00000000e7d80000)
  from space 12288K, 95% used [0x00000000e9200000,0x00000000e9d819b0,0x00000000e9e00000)
  to   space 14336K, 0% used [0x00000000e8200000,0x00000000e8200000,0x00000000e9000000)
 ParOldGen       total 87040K, used 31576K [0x00000000a0000000, 0x00000000a5500000, 0x00000000e0000000)
  object space 87040K, 36% used [0x00000000a0000000,0x00000000a1ed6188,0x00000000a5500000)
 Metaspace       used 63452K, capacity 65463K, committed 65752K, reserved 1105920K
  class space    used 8358K, capacity 8845K, committed 8960K, reserved 1048576K
}
Event: 232.276 GC heap before
{Heap before GC invocations=22 (full 3):
 PSYoungGen      total 140800K, used 140294K [0x00000000e0000000, 0x00000000e9e00000, 0x0000000100000000)
  eden space 128512K, 100% used [0x00000000e0000000,0x00000000e7d80000,0x00000000e7d80000)
  from space 12288K, 95% used [0x00000000e9200000,0x00000000e9d819b0,0x00000000e9e00000)
  to   space 14336K, 0% used [0x00000000e8200000,0x00000000e8200000,0x00000000e9000000)
 ParOldGen       total 87040K, used 31576K [0x00000000a0000000, 0x00000000a5500000, 0x00000000e0000000)
  object space 87040K, 36% used [0x00000000a0000000,0x00000000a1ed6188,0x00000000a5500000)
 Metaspace       used 66951K, capacity 69171K, committed 69208K, reserved 1110016K
  class space    used 8779K, capacity 9319K, committed 9344K, reserved 1048576K
Event: 232.294 GC heap after
Heap after GC invocations=22 (full 3):
 PSYoungGen      total 147456K, used 11010K [0x00000000e0000000, 0x00000000ea780000, 0x0000000100000000)
  eden space 133120K, 0% used [0x00000000e0000000,0x00000000e0000000,0x00000000e8200000)
  from space 14336K, 76% used [0x00000000e8200000,0x00000000e8cc0930,0x00000000e9000000)
  to   space 15360K, 0% used [0x00000000e9880000,0x00000000e9880000,0x00000000ea780000)
 ParOldGen       total 87040K, used 31584K [0x00000000a0000000, 0x00000000a5500000, 0x00000000e0000000)
  object space 87040K, 36% used [0x00000000a0000000,0x00000000a1ed8188,0x00000000a5500000)
 Metaspace       used 66951K, capacity 69171K, committed 69208K, reserved 1110016K
  class space    used 8779K, capacity 9319K, committed 9344K, reserved 1048576K
}

