# JRE version: OpenJDK Runtime Environment (8.0_202-b03) (build 1.8.0_202-release-1483-b03)
# Java VM: OpenJDK 64-Bit Server VM (25.202-b03 mixed mode windows-amd64 compressed oops)
Heap:
 PSYoungGen      total 146944K, used 2626K [0x00000000e0000000, 0x00000000e9f00000, 0x0000000100000000)
  eden space 132096K, 1% used [0x00000000e0000000,0x00000000e0290bc8,0x00000000e8100000)
  from space 14848K, 0% used [0x00000000e8100000,0x00000000e8100000,0x00000000e8f80000)
  to   space 10752K, 0% used [0x00000000e8f80000,0x00000000e8f80000,0x00000000e9a00000)
 ParOldGen       total 76288K, used 31314K [0x00000000a0000000, 0x00000000a4a80000, 0x00000000e0000000)
  object space 76288K, 41% used [0x00000000a0000000,0x00000000a1e94a40,0x00000000a4a80000)
 Metaspace       used 57510K, capacity 59142K, committed 59412K, reserved 1099776K
  class space    used 7821K, capacity 8200K, committed 8320K, reserved 1048576K
GC Heap History (10 events):
Event: 18.736 GC heap before
{Heap before GC invocations=16 (full 2):
 PSYoungGen      total 105984K, used 370K [0x00000000e0000000, 0x00000000e7580000, 0x0000000100000000)
  eden space 98304K, 0% used [0x00000000e0000000,0x00000000e0000000,0x00000000e6000000)
  from space 7680K, 4% used [0x00000000e6800000,0x00000000e685cb08,0x00000000e6f80000)
  to   space 8192K, 0% used [0x00000000e6000000,0x00000000e6000000,0x00000000e6800000)
 ParOldGen       total 31232K, used 17109K [0x00000000a0000000, 0x00000000a1e80000, 0x00000000e0000000)
  object space 31232K, 54% used [0x00000000a0000000,0x00000000a10b5638,0x00000000a1e80000)
 Metaspace       used 34529K, capacity 35176K, committed 35416K, reserved 1079296K
  class space    used 4745K, capacity 4937K, committed 4992K, reserved 1048576K
Event: 18.826 GC heap after
Heap after GC invocations=16 (full 2):
 PSYoungGen      total 105984K, used 0K [0x00000000e0000000, 0x00000000e7580000, 0x0000000100000000)
  eden space 98304K, 0% used [0x00000000e0000000,0x00000000e0000000,0x00000000e6000000)
  from space 7680K, 0% used [0x00000000e6800000,0x00000000e6800000,0x00000000e6f80000)
  to   space 8192K, 0% used [0x00000000e6000000,0x00000000e6000000,0x00000000e6800000)
 ParOldGen       total 47104K, used 14729K [0x00000000a0000000, 0x00000000a2e00000, 0x00000000e0000000)
  object space 47104K, 31% used [0x00000000a0000000,0x00000000a0e62460,0x00000000a2e00000)
 Metaspace       used 34529K, capacity 35176K, committed 35416K, reserved 1079296K
  class space    used 4745K, capacity 4937K, committed 4992K, reserved 1048576K
}
Event: 28.723 GC heap before
{Heap before GC invocations=17 (full 2):
 PSYoungGen      total 105984K, used 98304K [0x00000000e0000000, 0x00000000e7580000, 0x0000000100000000)
  eden space 98304K, 100% used [0x00000000e0000000,0x00000000e6000000,0x00000000e6000000)
  from space 7680K, 0% used [0x00000000e6800000,0x00000000e6800000,0x00000000e6f80000)
  to   space 8192K, 0% used [0x00000000e6000000,0x00000000e6000000,0x00000000e6800000)
 ParOldGen       total 47104K, used 14729K [0x00000000a0000000, 0x00000000a2e00000, 0x00000000e0000000)
  object space 47104K, 31% used [0x00000000a0000000,0x00000000a0e62460,0x00000000a2e00000)
 Metaspace       used 44798K, capacity 45670K, committed 46168K, reserved 1089536K
  class space    used 6009K, capacity 6213K, committed 6272K, reserved 1048576K
Event: 28.745 GC heap after
Heap after GC invocations=17 (full 2):
 PSYoungGen      total 106496K, used 8170K [0x00000000e0000000, 0x00000000e9a00000, 0x0000000100000000)
  eden space 98304K, 0% used [0x00000000e0000000,0x00000000e0000000,0x00000000e6000000)
  from space 8192K, 99% used [0x00000000e6000000,0x00000000e67faa10,0x00000000e6800000)
  to   space 10752K, 0% used [0x00000000e8f80000,0x00000000e8f80000,0x00000000e9a00000)
 ParOldGen       total 47104K, used 19508K [0x00000000a0000000, 0x00000000a2e00000, 0x00000000e0000000)
  object space 47104K, 41% used [0x00000000a0000000,0x00000000a130d348,0x00000000a2e00000)
 Metaspace       used 44798K, capacity 45670K, committed 46168K, reserved 1089536K
  class space    used 6009K, capacity 6213K, committed 6272K, reserved 1048576K
}
Event: 36.308 GC heap before
{Heap before GC invocations=18 (full 2):
 PSYoungGen      total 106496K, used 106474K [0x00000000e0000000, 0x00000000e9a00000, 0x0000000100000000)
  eden space 98304K, 100% used [0x00000000e0000000,0x00000000e6000000,0x00000000e6000000)
  from space 8192K, 99% used [0x00000000e6000000,0x00000000e67faa10,0x00000000e6800000)
  to   space 10752K, 0% used [0x00000000e8f80000,0x00000000e8f80000,0x00000000e9a00000)
 ParOldGen       total 47104K, used 19508K [0x00000000a0000000, 0x00000000a2e00000, 0x00000000e0000000)
  object space 47104K, 41% used [0x00000000a0000000,0x00000000a130d348,0x00000000a2e00000)
 Metaspace       used 52383K, capacity 53760K, committed 53976K, reserved 1095680K
  class space    used 7096K, capacity 7423K, committed 7424K, reserved 1048576K
Event: 36.333 GC heap after
Heap after GC invocations=18 (full 2):
 PSYoungGen      total 142848K, used 10749K [0x00000000e0000000, 0x00000000e9f00000, 0x0000000100000000)
  eden space 132096K, 0% used [0x00000000e0000000,0x00000000e0000000,0x00000000e8100000)
  from space 10752K, 99% used [0x00000000e8f80000,0x00000000e99ff5b8,0x00000000e9a00000)
  to   space 14848K, 0% used [0x00000000e8100000,0x00000000e8100000,0x00000000e8f80000)
 ParOldGen       total 47104K, used 25882K [0x00000000a0000000, 0x00000000a2e00000, 0x00000000e0000000)
  object space 47104K, 54% used [0x00000000a0000000,0x00000000a1946818,0x00000000a2e00000)
 Metaspace       used 52383K, capacity 53760K, committed 53976K, reserved 1095680K
  class space    used 7096K, capacity 7423K, committed 7424K, reserved 1048576K
}
Event: 40.336 GC heap before
{Heap before GC invocations=19 (full 2):
 PSYoungGen      total 142848K, used 75626K [0x00000000e0000000, 0x00000000e9f00000, 0x0000000100000000)
  eden space 132096K, 49% used [0x00000000e0000000,0x00000000e3f5b360,0x00000000e8100000)
  from space 10752K, 99% used [0x00000000e8f80000,0x00000000e99ff5b8,0x00000000e9a00000)
  to   space 14848K, 0% used [0x00000000e8100000,0x00000000e8100000,0x00000000e8f80000)
 ParOldGen       total 47104K, used 25882K [0x00000000a0000000, 0x00000000a2e00000, 0x00000000e0000000)
  object space 47104K, 54% used [0x00000000a0000000,0x00000000a1946818,0x00000000a2e00000)
 Metaspace       used 57434K, capacity 58966K, committed 59028K, reserved 1099776K
  class space    used 7799K, capacity 8166K, committed 8192K, reserved 1048576K
Event: 40.356 GC heap after
Heap after GC invocations=19 (full 2):
 PSYoungGen      total 146944K, used 6610K [0x00000000e0000000, 0x00000000e9f00000, 0x0000000100000000)
  eden space 132096K, 0% used [0x00000000e0000000,0x00000000e0000000,0x00000000e8100000)
  from space 14848K, 44% used [0x00000000e8100000,0x00000000e8774a50,0x00000000e8f80000)
  to   space 10752K, 0% used [0x00000000e8f80000,0x00000000e8f80000,0x00000000e9a00000)
 ParOldGen       total 47104K, used 31204K [0x00000000a0000000, 0x00000000a2e00000, 0x00000000e0000000)
  object space 47104K, 66% used [0x00000000a0000000,0x00000000a1e79088,0x00000000a2e00000)
 Metaspace       used 57434K, capacity 58966K, committed 59028K, reserved 1099776K
  class space    used 7799K, capacity 8166K, committed 8192K, reserved 1048576K
}
Event: 40.356 GC heap before
{Heap before GC invocations=20 (full 3):
 PSYoungGen      total 146944K, used 6610K [0x00000000e0000000, 0x00000000e9f00000, 0x0000000100000000)
  eden space 132096K, 0% used [0x00000000e0000000,0x00000000e0000000,0x00000000e8100000)
  from space 14848K, 44% used [0x00000000e8100000,0x00000000e8774a50,0x00000000e8f80000)
  to   space 10752K, 0% used [0x00000000e8f80000,0x00000000e8f80000,0x00000000e9a00000)
 ParOldGen       total 47104K, used 31204K [0x00000000a0000000, 0x00000000a2e00000, 0x00000000e0000000)
  object space 47104K, 66% used [0x00000000a0000000,0x00000000a1e79088,0x00000000a2e00000)
 Metaspace       used 57434K, capacity 58966K, committed 59028K, reserved 1099776K
  class space    used 7799K, capacity 8166K, committed 8192K, reserved 1048576K
Event: 40.638 GC heap after
Heap after GC invocations=20 (full 3):
 PSYoungGen      total 146944K, used 0K [0x00000000e0000000, 0x00000000e9f00000, 0x0000000100000000)
  eden space 132096K, 0% used [0x00000000e0000000,0x00000000e0000000,0x00000000e8100000)
  from space 14848K, 0% used [0x00000000e8100000,0x00000000e8100000,0x00000000e8f80000)
  to   space 10752K, 0% used [0x00000000e8f80000,0x00000000e8f80000,0x00000000e9a00000)
 ParOldGen       total 76288K, used 31314K [0x00000000a0000000, 0x00000000a4a80000, 0x00000000e0000000)
  object space 76288K, 41% used [0x00000000a0000000,0x00000000a1e94a40,0x00000000a4a80000)
 Metaspace       used 57434K, capacity 58966K, committed 59028K, reserved 1099776K
  class space    used 7799K, capacity 8166K, committed 8192K, reserved 1048576K
}

